# JRE version: OpenJDK Runtime Environment Temurin-17+35 (17.0+35) (build 17+35)
# Java VM: OpenJDK 64-Bit Server VM Temurin-17+35 (17+35, mixed mode, emulated-client, tiered, compressed oops, compressed class ptrs, g1 gc, windows-amd64)
GC Precious Log:
 CPUs: 2 total, 2 available
 Memory: 3049M
 Large Page Support: Disabled
 NUMA Support: Disabled
 Compressed Oops: Enabled (32-bit)
 Heap Region Size: 1M
 Heap Min Capacity: 8M
 Heap Initial Capacity: 48M
 Heap Max Capacity: 764M
 Pre-touch: Disabled
 Parallel Workers: 2
 Concurrent Workers: 1
 Concurrent Refinement Workers: 2
 Periodic GC: Disabled
Heap:
 garbage-first heap   total 96256K, used 60633K [0x00000000d0400000, 0x0000000100000000)
  region size 1024K, 31 young (31744K), 4 survivors (4096K)
 Metaspace       used 66929K, committed 67456K, reserved 1114112K
  class space    used 8958K, committed 9216K, reserved 1048576K
GC Heap History (20 events):
Event: 18.818 GC heap before
{Heap before GC invocations=22 (full 0):
 garbage-first heap   total 61440K, used 50787K [0x00000000d0400000, 0x0000000100000000)
  region size 1024K, 32 young (32768K), 1 survivors (1024K)
 Metaspace       used 42838K, committed 43200K, reserved 1089536K
  class space    used 5265K, committed 5440K, reserved 1048576K
}
Event: 18.825 GC heap after
{Heap after GC invocations=23 (full 0):
 garbage-first heap   total 61440K, used 20258K [0x00000000d0400000, 0x0000000100000000)
  region size 1024K, 2 young (2048K), 2 survivors (2048K)
 Metaspace       used 42838K, committed 43200K, reserved 1089536K
  class space    used 5265K, committed 5440K, reserved 1048576K
}
Event: 20.247 GC heap before
{Heap before GC invocations=23 (full 0):
 garbage-first heap   total 61440K, used 50978K [0x00000000d0400000, 0x0000000100000000)
  region size 1024K, 32 young (32768K), 2 survivors (2048K)
 Metaspace       used 45676K, committed 46016K, reserved 1089536K
  class space    used 5683K, committed 5888K, reserved 1048576K
}
Event: 20.255 GC heap after
{Heap after GC invocations=24 (full 0):
 garbage-first heap   total 61440K, used 21297K [0x00000000d0400000, 0x0000000100000000)
  region size 1024K, 3 young (3072K), 3 survivors (3072K)
 Metaspace       used 45676K, committed 46016K, reserved 1089536K
  class space    used 5683K, committed 5888K, reserved 1048576K
}
Event: 21.224 GC heap before
{Heap before GC invocations=24 (full 0):
 garbage-first heap   total 61440K, used 50993K [0x00000000d0400000, 0x0000000100000000)
  region size 1024K, 32 young (32768K), 3 survivors (3072K)
 Metaspace       used 48698K, committed 49088K, reserved 1097728K
  class space    used 6267K, committed 6464K, reserved 1048576K
}
Event: 21.260 GC heap after
{Heap after GC invocations=25 (full 0):
 garbage-first heap   total 61440K, used 22032K [0x00000000d0400000, 0x0000000100000000)
  region size 1024K, 2 young (2048K), 2 survivors (2048K)
 Metaspace       used 48698K, committed 49088K, reserved 1097728K
  class space    used 6267K, committed 6464K, reserved 1048576K
}
Event: 21.949 GC heap before
{Heap before GC invocations=25 (full 0):
 garbage-first heap   total 61440K, used 51728K [0x00000000d0400000, 0x0000000100000000)
  region size 1024K, 31 young (31744K), 2 survivors (2048K)
 Metaspace       used 51591K, committed 51968K, reserved 1097728K
  class space    used 6652K, committed 6848K, reserved 1048576K
}
Event: 21.955 GC heap after
{Heap after GC invocations=26 (full 0):
 garbage-first heap   total 96256K, used 22617K [0x00000000d0400000, 0x0000000100000000)
  region size 1024K, 3 young (3072K), 3 survivors (3072K)
 Metaspace       used 51591K, committed 51968K, reserved 1097728K
  class space    used 6652K, committed 6848K, reserved 1048576K
}
Event: 23.739 GC heap before
{Heap before GC invocations=26 (full 0):
 garbage-first heap   total 96256K, used 76889K [0x00000000d0400000, 0x0000000100000000)
  region size 1024K, 56 young (57344K), 3 survivors (3072K)
 Metaspace       used 56027K, committed 56384K, reserved 1105920K
  class space    used 7363K, committed 7552K, reserved 1048576K
}
Event: 23.759 GC heap after
{Heap after GC invocations=27 (full 0):
 garbage-first heap   total 96256K, used 24120K [0x00000000d0400000, 0x0000000100000000)
  region size 1024K, 4 young (4096K), 4 survivors (4096K)
 Metaspace       used 56027K, committed 56384K, reserved 1105920K
  class space    used 7363K, committed 7552K, reserved 1048576K
}
Event: 25.376 GC heap before
{Heap before GC invocations=27 (full 0):
 garbage-first heap   total 96256K, used 77368K [0x00000000d0400000, 0x0000000100000000)
  region size 1024K, 56 young (57344K), 4 survivors (4096K)
 Metaspace       used 59666K, committed 60032K, reserved 1105920K
  class space    used 7890K, committed 8064K, reserved 1048576K
}
Event: 25.399 GC heap after
{Heap after GC invocations=28 (full 0):
 garbage-first heap   total 96256K, used 27974K [0x00000000d0400000, 0x0000000100000000)
  region size 1024K, 7 young (7168K), 7 survivors (7168K)
 Metaspace       used 59666K, committed 60032K, reserved 1105920K
  class space    used 7890K, committed 8064K, reserved 1048576K
}
Event: 25.644 GC heap before
{Heap before GC invocations=28 (full 0):
 garbage-first heap   total 96256K, used 39238K [0x00000000d0400000, 0x0000000100000000)
  region size 1024K, 19 young (19456K), 7 survivors (7168K)
 Metaspace       used 60103K, committed 60416K, reserved 1105920K
  class space    used 7968K, committed 8128K, reserved 1048576K
}
Event: 25.665 GC heap after
{Heap after GC invocations=29 (full 0):
 garbage-first heap   total 96256K, used 28802K [0x00000000d0400000, 0x0000000100000000)
  region size 1024K, 2 young (2048K), 2 survivors (2048K)
 Metaspace       used 60103K, committed 60416K, reserved 1105920K
  class space    used 7968K, committed 8128K, reserved 1048576K
}
Event: 27.504 GC heap before
{Heap before GC invocations=30 (full 0):
 garbage-first heap   total 96256K, used 76930K [0x00000000d0400000, 0x0000000100000000)
  region size 1024K, 49 young (50176K), 2 survivors (2048K)
 Metaspace       used 62343K, committed 62784K, reserved 1105920K
  class space    used 8334K, committed 8512K, reserved 1048576K
}
Event: 27.520 GC heap after
{Heap after GC invocations=31 (full 0):
 garbage-first heap   total 96256K, used 31829K [0x00000000d0400000, 0x0000000100000000)
  region size 1024K, 5 young (5120K), 5 survivors (5120K)
 Metaspace       used 62343K, committed 62784K, reserved 1105920K
  class space    used 8334K, committed 8512K, reserved 1048576K
}
Event: 27.608 GC heap before
{Heap before GC invocations=31 (full 0):
 garbage-first heap   total 96256K, used 31829K [0x00000000d0400000, 0x0000000100000000)
  region size 1024K, 6 young (6144K), 5 survivors (5120K)
 Metaspace       used 62369K, committed 62784K, reserved 1105920K
  class space    used 8339K, committed 8512K, reserved 1048576K
}
Event: 27.621 GC heap after
{Heap after GC invocations=32 (full 0):
 garbage-first heap   total 96256K, used 32289K [0x00000000d0400000, 0x0000000100000000)
  region size 1024K, 1 young (1024K), 1 survivors (1024K)
 Metaspace       used 62369K, committed 62784K, reserved 1105920K
  class space    used 8339K, committed 8512K, reserved 1048576K
}
Event: 106.403 GC heap before
{Heap before GC invocations=32 (full 0):
 garbage-first heap   total 96256K, used 76321K [0x00000000d0400000, 0x0000000100000000)
  region size 1024K, 45 young (46080K), 1 survivors (1024K)
 Metaspace       used 64631K, committed 65024K, reserved 1105920K
  class space    used 8658K, committed 8832K, reserved 1048576K
}
Event: 106.417 GC heap after
{Heap after GC invocations=33 (full 0):
 garbage-first heap   total 96256K, used 35033K [0x00000000d0400000, 0x0000000100000000)
  region size 1024K, 4 young (4096K), 4 survivors (4096K)
 Metaspace       used 64631K, committed 65024K, reserved 1105920K
  class space    used 8658K, committed 8832K, reserved 1048576K
}

