# JRE version: OpenJDK Runtime Environment Temurin-17+35 (17.0+35) (build 17+35)
# Java VM: OpenJDK 64-Bit Server VM Temurin-17+35 (17+35, mixed mode, emulated-client, tiered, compressed oops, compressed class ptrs, g1 gc, windows-amd64)
GC Precious Log:
 CPUs: 2 total, 2 available
 Memory: 3049M
 Large Page Support: Disabled
 NUMA Support: Disabled
 Compressed Oops: Enabled (32-bit)
 Heap Region Size: 1M
 Heap Min Capacity: 8M
 Heap Initial Capacity: 48M
 Heap Max Capacity: 764M
 Pre-touch: Disabled
 Parallel Workers: 2
 Concurrent Workers: 1
 Concurrent Refinement Workers: 2
 Periodic GC: Disabled
Heap:
 garbage-first heap   total 106496K, used 36941K [0x00000000d0400000, 0x0000000100000000)
  region size 1024K, 6 young (6144K), 3 survivors (3072K)
 Metaspace       used 66758K, committed 67200K, reserved 1114112K
  class space    used 8950K, committed 9152K, reserved 1048576K
GC Heap History (20 events):
Event: 10.202 GC heap before
{Heap before GC invocations=17 (full 0):
 garbage-first heap   total 58368K, used 45507K [0x00000000d0400000, 0x0000000100000000)
  region size 1024K, 34 young (34816K), 5 survivors (5120K)
 Metaspace       used 38244K, committed 38592K, reserved 1089536K
  class space    used 4703K, committed 4864K, reserved 1048576K
}
Event: 10.216 GC heap after
{Heap after GC invocations=18 (full 0):
 garbage-first heap   total 58368K, used 17512K [0x00000000d0400000, 0x0000000100000000)
  region size 1024K, 4 young (4096K), 4 survivors (4096K)
 Metaspace       used 38244K, committed 38592K, reserved 1089536K
  class space    used 4703K, committed 4864K, reserved 1048576K
}
Event: 10.243 GC heap before
{Heap before GC invocations=18 (full 0):
 garbage-first heap   total 58368K, used 18536K [0x00000000d0400000, 0x0000000100000000)
  region size 1024K, 5 young (5120K), 4 survivors (4096K)
 Metaspace       used 38333K, committed 38656K, reserved 1089536K
  class space    used 4712K, committed 4864K, reserved 1048576K
}
Event: 10.253 GC heap after
{Heap after GC invocations=19 (full 0):
 garbage-first heap   total 58368K, used 18421K [0x00000000d0400000, 0x0000000100000000)
  region size 1024K, 1 young (1024K), 1 survivors (1024K)
 Metaspace       used 38333K, committed 38656K, reserved 1089536K
  class space    used 4712K, committed 4864K, reserved 1048576K
}
Event: 10.333 GC heap before
{Heap before GC invocations=19 (full 0):
 garbage-first heap   total 58368K, used 45045K [0x00000000d0400000, 0x0000000100000000)
  region size 1024K, 28 young (28672K), 1 survivors (1024K)
 Metaspace       used 38577K, committed 38848K, reserved 1089536K
  class space    used 4734K, committed 4864K, reserved 1048576K
}
Event: 10.336 GC heap after
{Heap after GC invocations=20 (full 0):
 garbage-first heap   total 58368K, used 17954K [0x00000000d0400000, 0x0000000100000000)
  region size 1024K, 1 young (1024K), 1 survivors (1024K)
 Metaspace       used 38577K, committed 38848K, reserved 1089536K
  class space    used 4734K, committed 4864K, reserved 1048576K
}
Event: 10.892 GC heap before
{Heap before GC invocations=20 (full 0):
 garbage-first heap   total 58368K, used 45602K [0x00000000d0400000, 0x0000000100000000)
  region size 1024K, 29 young (29696K), 1 survivors (1024K)
 Metaspace       used 39306K, committed 39680K, reserved 1089536K
  class space    used 4831K, committed 4992K, reserved 1048576K
}
Event: 10.897 GC heap after
{Heap after GC invocations=21 (full 0):
 garbage-first heap   total 112640K, used 18235K [0x00000000d0400000, 0x0000000100000000)
  region size 1024K, 1 young (1024K), 1 survivors (1024K)
 Metaspace       used 39306K, committed 39680K, reserved 1089536K
  class space    used 4831K, committed 4992K, reserved 1048576K
}
Event: 13.297 GC heap before
{Heap before GC invocations=21 (full 0):
 garbage-first heap   total 112640K, used 84795K [0x00000000d0400000, 0x0000000100000000)
  region size 1024K, 66 young (67584K), 1 survivors (1024K)
 Metaspace       used 45510K, committed 45888K, reserved 1089536K
  class space    used 5653K, committed 5824K, reserved 1048576K
}
Event: 13.306 GC heap after
{Heap after GC invocations=22 (full 0):
 garbage-first heap   total 112640K, used 20657K [0x00000000d0400000, 0x0000000100000000)
  region size 1024K, 3 young (3072K), 3 survivors (3072K)
 Metaspace       used 45510K, committed 45888K, reserved 1089536K
  class space    used 5653K, committed 5824K, reserved 1048576K
}
Event: 14.833 GC heap before
{Heap before GC invocations=22 (full 0):
 garbage-first heap   total 112640K, used 85169K [0x00000000d0400000, 0x0000000100000000)
  region size 1024K, 66 young (67584K), 3 survivors (3072K)
 Metaspace       used 51835K, committed 52160K, reserved 1097728K
  class space    used 6662K, committed 6784K, reserved 1048576K
}
Event: 14.845 GC heap after
{Heap after GC invocations=23 (full 0):
 garbage-first heap   total 112640K, used 22741K [0x00000000d0400000, 0x0000000100000000)
  region size 1024K, 5 young (5120K), 5 survivors (5120K)
 Metaspace       used 51835K, committed 52160K, reserved 1097728K
  class space    used 6662K, committed 6784K, reserved 1048576K
}
Event: 16.302 GC heap before
{Heap before GC invocations=23 (full 0):
 garbage-first heap   total 112640K, used 85205K [0x00000000d0400000, 0x0000000100000000)
  region size 1024K, 66 young (67584K), 5 survivors (5120K)
 Metaspace       used 57154K, committed 57536K, reserved 1105920K
  class space    used 7488K, committed 7680K, reserved 1048576K
}
Event: 16.317 GC heap after
{Heap after GC invocations=24 (full 0):
 garbage-first heap   total 112640K, used 24092K [0x00000000d0400000, 0x0000000100000000)
  region size 1024K, 6 young (6144K), 6 survivors (6144K)
 Metaspace       used 57154K, committed 57536K, reserved 1105920K
  class space    used 7488K, committed 7680K, reserved 1048576K
}
Event: 17.940 GC heap before
{Heap before GC invocations=24 (full 0):
 garbage-first heap   total 112640K, used 81436K [0x00000000d0400000, 0x0000000100000000)
  region size 1024K, 63 young (64512K), 6 survivors (6144K)
 Metaspace       used 59882K, committed 60288K, reserved 1105920K
  class space    used 7960K, committed 8192K, reserved 1048576K
}
Event: 17.966 GC heap after
{Heap after GC invocations=25 (full 0):
 garbage-first heap   total 112640K, used 29261K [0x00000000d0400000, 0x0000000100000000)
  region size 1024K, 9 young (9216K), 9 survivors (9216K)
 Metaspace       used 59882K, committed 60288K, reserved 1105920K
  class space    used 7960K, committed 8192K, reserved 1048576K
}
Event: 19.905 GC heap before
{Heap before GC invocations=26 (full 0):
 garbage-first heap   total 106496K, used 83533K [0x00000000d0400000, 0x0000000100000000)
  region size 1024K, 62 young (63488K), 9 survivors (9216K)
 Metaspace       used 62095K, committed 62528K, reserved 1105920K
  class space    used 8323K, committed 8512K, reserved 1048576K
}
Event: 19.935 GC heap after
{Heap after GC invocations=27 (full 0):
 garbage-first heap   total 106496K, used 33714K [0x00000000d0400000, 0x0000000100000000)
  region size 1024K, 5 young (5120K), 5 survivors (5120K)
 Metaspace       used 62095K, committed 62528K, reserved 1105920K
  class space    used 8323K, committed 8512K, reserved 1048576K
}
Event: 56.842 GC heap before
{Heap before GC invocations=27 (full 0):
 garbage-first heap   total 106496K, used 82866K [0x00000000d0400000, 0x0000000100000000)
  region size 1024K, 54 young (55296K), 5 survivors (5120K)
 Metaspace       used 66690K, committed 67136K, reserved 1114112K
  class space    used 8941K, committed 9152K, reserved 1048576K
}
Event: 56.869 GC heap after
{Heap after GC invocations=28 (full 0):
 garbage-first heap   total 106496K, used 34893K [0x00000000d0400000, 0x0000000100000000)
  region size 1024K, 3 young (3072K), 3 survivors (3072K)
 Metaspace       used 66690K, committed 67136K, reserved 1114112K
  class space    used 8941K, committed 9152K, reserved 1048576K
}

